<?xml version="1.0" encoding="UTF-8"?>
<!-- Generated by org.testng.reporters.JUnitXMLReporter -->
<testsuite ignored="0" hostname="DESKTOP-DV4AI68" failures="1" tests="1" name="Test" time="32.194" errors="0" timestamp="2026-05-27T18:21:36 GMT-05:00">
  <testcase classname="TestCases.TestCase6" name="VerifbrokenLink" time="16.6">
    <failure type="java.net.MalformedURLException" message="unknown protocol: javascript">
      <![CDATA[java.net.MalformedURLException: unknown protocol: javascript
at java.base/java.net.URL.<init>(URL.java:681)
at java.base/java.net.URL.<init>(URL.java:569)
at java.base/java.net.URL.<init>(URL.java:516)
at POM.BrokenLink_POM.CheckBrokenLinks(BrokenLink_POM.java:31)
at TestCases.TestCase6.VerifbrokenLink(TestCase6.java:16)
at java.base/java.util.ArrayList.forEach(ArrayList.java:1511)
... Removed 27 stack frames]]>
    </failure>
  </testcase> <!-- VerifbrokenLink -->
</testsuite> <!-- Test -->
