<?xml version="1.0" encoding="UTF-8"?>
<!-- Generated by org.testng.reporters.JUnitXMLReporter -->
<testsuite ignored="0" hostname="DESKTOP-DV4AI68" failures="0" tests="7" name="Test" time="100.997" errors="0" timestamp="2026-05-24T15:25:41 GMT-05:00">
  <testcase classname="TestCases.TestCase4" name="MobileMapTestCase1" time="2.666"/>
  <testcase classname="TestCases.TestCase5" name="JioPortal" time="11.465"/>
  <testcase classname="TestCases.RegisterTestCase1" name="Registration1" time="2.564"/>
  <testcase classname="TestCases.TestCase3" name="LoginProcess" time="14.387"/>
  <testcase classname="TestCases.TestCase4" name="MobileMapTestCase1" time="2.781"/>
  <testcase classname="TestCases.RegisterTestCase1" name="Registration1" time="2.396"/>
  <testcase classname="TestCases.TestCase2" name="RegiCredintial" time="7.123"/>
</testsuite> <!-- Test -->
