<?xml version="1.0" encoding="UTF-8"?>
<testng-results ignored="0" total="2" passed="2" failed="0" skipped="0">
  <reporter-output>
  </reporter-output>
  <suite started-at="2026-05-24T15:16:58 GMT-05:00" name="Default suite" finished-at="2026-05-24T15:17:38 GMT-05:00" duration-ms="40084">
    <groups>
    </groups>
    <test started-at="2026-05-24T15:16:58 GMT-05:00" name="Default test" finished-at="2026-05-24T15:17:38 GMT-05:00" duration-ms="40084">
      <class name="TestCases.TestCase5">
        <test-method is-config="true" signature="Setup()[pri:0, instance:TestCases.TestCase5@598bd2ba]" started-at="2026-05-24T15:16:58 GMT-05:00" name="Setup" finished-at="2026-05-24T15:17:10 GMT-05:00" duration-ms="11919" status="PASS">
          <reporter-output>
          </reporter-output>
        </test-method> <!-- Setup -->
        <test-method signature="MobileMapTestCase1()[pri:0, instance:TestCases.TestCase5@598bd2ba]" started-at="2026-05-24T15:17:10 GMT-05:00" name="MobileMapTestCase1" finished-at="2026-05-24T15:17:16 GMT-05:00" duration-ms="5751" status="PASS">
          <reporter-output>
          </reporter-output>
        </test-method> <!-- MobileMapTestCase1 -->
        <test-method signature="JioPortal()[pri:0, instance:TestCases.TestCase5@598bd2ba]" started-at="2026-05-24T15:17:16 GMT-05:00" name="JioPortal" finished-at="2026-05-24T15:17:35 GMT-05:00" duration-ms="19337" status="PASS">
          <reporter-output>
          </reporter-output>
        </test-method> <!-- JioPortal -->
        <test-method is-config="true" signature="TearDown()[pri:0, instance:TestCases.TestCase5@598bd2ba]" started-at="2026-05-24T15:17:35 GMT-05:00" name="TearDown" finished-at="2026-05-24T15:17:38 GMT-05:00" duration-ms="2737" status="PASS">
          <reporter-output>
          </reporter-output>
        </test-method> <!-- TearDown -->
      </class> <!-- TestCases.TestCase5 -->
    </test> <!-- Default test -->
  </suite> <!-- Default suite -->
</testng-results>
