<?xml version="1.0" encoding="UTF-8"?>
<testng-results ignored="0" total="1" passed="0" failed="1" skipped="0">
  <reporter-output>
  </reporter-output>
  <suite started-at="2026-05-27T18:21:03 GMT-05:00" name="Suite" finished-at="2026-05-27T18:21:35 GMT-05:00" duration-ms="32194">
    <groups>
    </groups>
    <test started-at="2026-05-27T18:21:03 GMT-05:00" name="Test" finished-at="2026-05-27T18:21:35 GMT-05:00" duration-ms="32194">
      <class name="TestCases.TestCase6">
        <test-method is-config="true" signature="Setup()[pri:0, instance:TestCases.TestCase6@764faa6]" started-at="2026-05-27T18:21:04 GMT-05:00" name="Setup" finished-at="2026-05-27T18:21:15 GMT-05:00" duration-ms="11427" status="PASS">
          <reporter-output>
          </reporter-output>
        </test-method> <!-- Setup -->
        <test-method signature="VerifbrokenLink()[pri:0, instance:TestCases.TestCase6@764faa6]" started-at="2026-05-27T18:21:15 GMT-05:00" name="VerifbrokenLink" finished-at="2026-05-27T18:21:32 GMT-05:00" duration-ms="16600" status="FAIL">
          <exception class="java.net.MalformedURLException">
            <message>
              <![CDATA[unknown protocol: javascript]]>
            </message>
            <full-stacktrace>
              <![CDATA[java.net.MalformedURLException: unknown protocol: javascript
at java.base/java.net.URL.<init>(URL.java:681)
at java.base/java.net.URL.<init>(URL.java:569)
at java.base/java.net.URL.<init>(URL.java:516)
at POM.BrokenLink_POM.CheckBrokenLinks(BrokenLink_POM.java:31)
at TestCases.TestCase6.VerifbrokenLink(TestCase6.java:16)
at java.base/jdk.internal.reflect.NativeMethodAccessorImpl.invoke0(Native Method)
at java.base/jdk.internal.reflect.NativeMethodAccessorImpl.invoke(NativeMethodAccessorImpl.java:77)
at java.base/jdk.internal.reflect.DelegatingMethodAccessorImpl.invoke(DelegatingMethodAccessorImpl.java:43)
at java.base/java.lang.reflect.Method.invoke(Method.java:568)
at org.testng.internal.invokers.MethodInvocationHelper.invokeMethod(MethodInvocationHelper.java:139)
at org.testng.internal.invokers.TestInvoker.invokeMethod(TestInvoker.java:664)
at org.testng.internal.invokers.TestInvoker.invokeTestMethod(TestInvoker.java:227)
at org.testng.internal.invokers.MethodRunner.runInSequence(MethodRunner.java:50)
at org.testng.internal.invokers.TestInvoker$MethodInvocationAgent.invoke(TestInvoker.java:957)
at org.testng.internal.invokers.TestInvoker.invokeTestMethods(TestInvoker.java:200)
at org.testng.internal.invokers.TestMethodWorker.invokeTestMethods(TestMethodWorker.java:148)
at org.testng.internal.invokers.TestMethodWorker.run(TestMethodWorker.java:128)
at java.base/java.util.ArrayList.forEach(ArrayList.java:1511)
at org.testng.TestRunner.privateRun(TestRunner.java:848)
at org.testng.TestRunner.run(TestRunner.java:621)
at org.testng.SuiteRunner.runTest(SuiteRunner.java:443)
at org.testng.SuiteRunner.runSequentially(SuiteRunner.java:437)
at org.testng.SuiteRunner.privateRun(SuiteRunner.java:397)
at org.testng.SuiteRunner.run(SuiteRunner.java:336)
at org.testng.SuiteRunnerWorker.runSuite(SuiteRunnerWorker.java:52)
at org.testng.SuiteRunnerWorker.run(SuiteRunnerWorker.java:95)
at org.testng.TestNG.runSuitesSequentially(TestNG.java:1280)
at org.testng.TestNG.runSuitesLocally(TestNG.java:1200)
at org.testng.TestNG.runSuites(TestNG.java:1114)
at org.testng.TestNG.run(TestNG.java:1082)
at org.testng.remote.AbstractRemoteTestNG.run(AbstractRemoteTestNG.java:115)
at org.testng.remote.RemoteTestNG.initAndRun(RemoteTestNG.java:293)
at org.testng.remote.RemoteTestNG.main(RemoteTestNG.java:91)
]]>
            </full-stacktrace>
          </exception> <!-- java.net.MalformedURLException -->
          <reporter-output>
          </reporter-output>
        </test-method> <!-- VerifbrokenLink -->
        <test-method is-config="true" signature="TearDown()[pri:0, instance:TestCases.TestCase6@764faa6]" started-at="2026-05-27T18:21:32 GMT-05:00" name="TearDown" finished-at="2026-05-27T18:21:35 GMT-05:00" duration-ms="2778" status="PASS">
          <reporter-output>
          </reporter-output>
        </test-method> <!-- TearDown -->
      </class> <!-- TestCases.TestCase6 -->
    </test> <!-- Test -->
  </suite> <!-- Suite -->
</testng-results>
